modules/loopcam-recorder/android/build/intermediates/manifest_merge_blame_file/debug/processDebugManifest/manifest-merger-blame-debug-report.txt
1<?xml version="1.0" encoding="utf-8"?>
2<manifest xmlns:android="http://schemas.android.com/apk/res/android"
3    package="expo.modules.loopcamrecorder" >
4
5    <uses-sdk android:minSdkVersion="26" />
6
7    <uses-permission android:name="android.permission.CAMERA" />
7-->src/main/AndroidManifest.xml:3:3-63
7-->src/main/AndroidManifest.xml:3:20-60
8    <uses-permission android:name="android.permission.RECORD_AUDIO" />
8-->src/main/AndroidManifest.xml:4:3-69
8-->src/main/AndroidManifest.xml:4:20-66
9    <uses-permission android:name="android.permission.POST_NOTIFICATIONS" />
9-->src/main/AndroidManifest.xml:5:3-75
9-->src/main/AndroidManifest.xml:5:20-72
10
11    <!-- §5.1 — the foreground service is what keeps the buffer alive in the background. -->
12    <uses-permission android:name="android.permission.FOREGROUND_SERVICE" />
12-->src/main/AndroidManifest.xml:8:3-75
12-->src/main/AndroidManifest.xml:8:20-72
13    <uses-permission android:name="android.permission.FOREGROUND_SERVICE_CAMERA" />
13-->src/main/AndroidManifest.xml:9:3-82
13-->src/main/AndroidManifest.xml:9:20-79
14    <uses-permission android:name="android.permission.FOREGROUND_SERVICE_MICROPHONE" />
14-->src/main/AndroidManifest.xml:10:3-86
14-->src/main/AndroidManifest.xml:10:20-83
15    <uses-permission android:name="android.permission.FOREGROUND_SERVICE_LOCATION" />
15-->src/main/AndroidManifest.xml:11:3-84
15-->src/main/AndroidManifest.xml:11:20-81
16
17    <!-- §8 — GPS/speed sidecar on saved clips. -->
18    <uses-permission android:name="android.permission.ACCESS_FINE_LOCATION" />
18-->src/main/AndroidManifest.xml:14:3-77
18-->src/main/AndroidManifest.xml:14:20-74
19    <uses-permission android:name="android.permission.ACCESS_COARSE_LOCATION" />
19-->src/main/AndroidManifest.xml:15:3-79
19-->src/main/AndroidManifest.xml:15:20-76
20
21    <!--
22       §5.1 — prompt to exempt from battery optimization; aggressive OEM battery
23       managers kill the service otherwise.
24    -->
25    <uses-permission android:name="android.permission.REQUEST_IGNORE_BATTERY_OPTIMIZATIONS" />
25-->src/main/AndroidManifest.xml:19:3-93
25-->src/main/AndroidManifest.xml:19:20-90
26
27    <uses-feature
27-->src/main/AndroidManifest.xml:21:3-86
28        android:name="android.hardware.camera.any"
28-->src/main/AndroidManifest.xml:21:17-59
29        android:required="true" />
29-->src/main/AndroidManifest.xml:21:60-83
30
31    <application>
31-->src/main/AndroidManifest.xml:23:3-28:17
32        <service
32-->src/main/AndroidManifest.xml:24:5-27:68
33            android:name="expo.modules.loopcamrecorder.RecordingService"
33-->src/main/AndroidManifest.xml:25:7-39
34            android:exported="false"
34-->src/main/AndroidManifest.xml:26:7-31
35            android:foregroundServiceType="camera|microphone|location" />
35-->src/main/AndroidManifest.xml:27:7-65
36    </application>
37
38</manifest>